{
  "RSpec": {
    "coverage": {
      "/Users/crowdint/projects/spree_address_book/lib/spree_address_book.rb": [
        1,
        1
      ],
      "/Users/crowdint/projects/spree_address_book/lib/spree_address_book/engine.rb": [
        1,
        1,
        1,
        1,
        1,
        1,
        null,
        1,
        1,
        null,
        null,
        1,
        null,
        null,
        1,
        1,
        null,
        null,
        1,
        1,
        4,
        null,
        1,
        null,
        null,
        1,
        null,
        null,
        null
      ],
      "/Users/crowdint/projects/spree_address_book/lib/spree/address_book_configuration.rb": [
        1,
        1,
        1,
        null,
        null
      ],
      "/Users/crowdint/projects/spree_address_book/config/initializers/address_fields.rb": [
        1
      ],
      "/Users/crowdint/projects/spree_address_book/app/controllers/spree/checkout_controller_decorator.rb": [
        1,
        1,
        null,
        1,
        1,
        null,
        1,
        null,
        1,
        3,
        null,
        3,
        2,
        null,
        2,
        null,
        1,
        null,
        null,
        3,
        2,
        null,
        2,
        null,
        1,
        null,
        null,
        null,
        null,
        1,
        3,
        null,
        null,
        3,
        null,
        3,
        3,
        3,
        1,
        1,
        null,
        2,
        null,
        null,
        3,
        null,
        null
      ],
      "/Users/crowdint/projects/spree_address_book/app/helpers/spree/addresses_helper.rb": [
        1,
        1,
        0,
        0,
        0,
        null,
        0,
        0,
        null,
        0,
        null,
        null,
        null,
        null,
        1,
        0,
        0,
        0,
        null,
        null,
        null,
        null,
        null,
        null,
        null,
        null,
        null,
        null,
        null,
        null,
        null,
        0,
        null,
        null
      ],
      "/Users/crowdint/projects/spree_address_book/app/models/spree/address_decorator.rb": [
        null,
        null,
        1,
        null,
        1,
        1,
        null,
        1,
        0,
        0,
        null,
        null,
        null,
        null,
        1,
        1,
        1,
        null,
        null,
        null,
        1,
        0,
        null,
        null,
        1,
        1,
        null,
        null,
        1,
        null,
        0,
        null,
        null,
        null,
        null,
        null,
        null,
        null,
        null,
        1,
        1,
        1,
        null,
        0,
        null,
        null,
        null
      ],
      "/Users/crowdint/projects/spree_address_book/app/models/spree/order_decorator.rb": [
        null,
        null,
        1,
        null,
        1,
        1,
        null,
        1,
        0,
        0,
        null,
        0,
        null,
        null,
        1,
        3,
        3,
        null,
        3,
        null,
        null,
        1,
        2,
        2,
        2,
        2,
        null,
        0,
        null,
        null,
        null,
        1,
        1,
        null,
        null,
        1,
        2,
        2,
        2,
        2,
        null,
        0,
        null,
        null,
        null,
        1,
        1,
        null,
        null,
        1,
        null,
        1,
        2,
        0,
        0,
        null,
        0,
        0,
        null,
        0,
        null,
        null,
        null,
        2,
        2,
        2,
        null,
        null,
        2,
        null,
        null,
        null
      ],
      "/Users/crowdint/projects/spree_address_book/app/models/spree/user_decorator.rb": [
        1,
        1,
        null
      ],
      "/Users/crowdint/projects/spree_address_book/app/models/spree/address_ability.rb": [
        1,
        1,
        null,
        1,
        3,
        0,
        null,
        null,
        3,
        0,
        null,
        null,
        null
      ],
      "/Users/crowdint/projects/spree_address_book/app/overrides/add_address_book_to_my_account.rb": [
        1,
        null,
        null,
        null,
        null,
        null,
        null
      ],
      "/Users/crowdint/projects/spree_address_book/config/routes.rb": [
        1,
        1,
        null
      ],
      "/Users/crowdint/projects/spree_address_book/spec/support/authentication_helper.rb": [
        1,
        1,
        0,
        0,
        0,
        null,
        null
      ],
      "/Users/crowdint/projects/spree_address_book/spec/support/checkout_with_product.rb": [
        1,
        0,
        0,
        0,
        0,
        null,
        0,
        0,
        0,
        0,
        0,
        null,
        null,
        0,
        0,
        0,
        null,
        null,
        0,
        null,
        0,
        0,
        0,
        0,
        0,
        0,
        0,
        0,
        0,
        null,
        null,
        0,
        0,
        0,
        0,
        0,
        0,
        null,
        null,
        0,
        0,
        0,
        0,
        0,
        0,
        0,
        0,
        0,
        0,
        0,
        null,
        null,
        0,
        0,
        null,
        null
      ],
      "/Users/crowdint/projects/spree_address_book/spec/support/preferences.rb": [
        null,
        null,
        null,
        null,
        null,
        null,
        null,
        1,
        3,
        3,
        3,
        3,
        null,
        null
      ],
      "/Users/crowdint/projects/spree_address_book/spec/support/store_products.rb": [
        1,
        0,
        0,
        0,
        null,
        0,
        0,
        0,
        null,
        0,
        null,
        0,
        null,
        null,
        null,
        null,
        1,
        0,
        null,
        0,
        0,
        null,
        null,
        0,
        0,
        0,
        null,
        null,
        0,
        0,
        0,
        0,
        0,
        null,
        null
      ]
    },
    "timestamp": 1392422504
  }
}
